<?xml version="1.0" encoding="UTF-8"?>
<!-- Generated by org.testng.reporters.JUnitXMLReporter -->
<testsuite ignored="3" hostname="MyDELLPC" failures="0" tests="3" name="Default test" time="125.905" errors="0" timestamp="2023-12-08T08:54:00 IST">
  <testcase classname="com.kerchanshe.tests.CityMastersTest" name="verifyAddNewAndSearchCityFunctionality" time="40.92"/>
  <testcase classname="com.kerchanshe.tests.CityMastersTest" name="verifyEditFunctionality" time="31.06"/>
  <testcase classname="com.kerchanshe.tests.CityMastersTest" name="verifyViewFunctionality" time="27.11"/>
  <testcase classname="com.kerchanshe.tests.CityMastersTest" name="verifyPreviousButtonEnabled" time="0.0">
    <ignored/>
  </testcase> <!-- verifyPreviousButtonEnabled -->
  <testcase classname="com.kerchanshe.tests.CityMastersTest" name="verifyNextButtonEnabled" time="0.0">
    <ignored/>
  </testcase> <!-- verifyNextButtonEnabled -->
  <testcase classname="com.kerchanshe.tests.CityMastersTest" name="verifyDeleteFunctionality" time="0.0">
    <ignored/>
  </testcase> <!-- verifyDeleteFunctionality -->
</testsuite> <!-- Default test -->
