<?xml version="1.0" encoding="UTF-8"?>
<!-- Generated by org.testng.reporters.JUnitXMLReporter -->
<testsuite ignored="3" hostname="LAPTOP-D6IT8EFO" failures="0" tests="1" name="Default test" time="42.237" errors="0" timestamp="2023-12-02T21:06:00 IST">
  <testcase classname="com.kerchanshe.tests.DesignationMastersTest" name="verifyViewDesignationFunctionality" time="23.738"/>
  <testcase classname="com.kerchanshe.tests.DesignationMastersTest" name="verifyAddNewAndSearchDesignationFunctionality" time="0.0">
    <ignored/>
  </testcase> <!-- verifyAddNewAndSearchDesignationFunctionality -->
  <testcase classname="com.kerchanshe.tests.DesignationMastersTest" name="verifyDeleteDesignationFunctionality" time="0.0">
    <ignored/>
  </testcase> <!-- verifyDeleteDesignationFunctionality -->
  <testcase classname="com.kerchanshe.tests.DesignationMastersTest" name="verifyEditDesignationFunctionality" time="0.0">
    <ignored/>
  </testcase> <!-- verifyEditDesignationFunctionality -->
</testsuite> <!-- Default test -->
