<?xml version="1.0" encoding="UTF-8"?>
<testng-results ignored="0" total="3" passed="3" failed="0" skipped="0">
  <reporter-output>
  </reporter-output>
  <suite started-at="2023-12-08T08:51:54 IST" name="Default suite" finished-at="2023-12-08T08:54:00 IST" duration-ms="125905">
    <groups>
    </groups>
    <test started-at="2023-12-08T08:51:54 IST" name="Default test" finished-at="2023-12-08T08:54:00 IST" duration-ms="125905">
      <class name="com.kerchanshe.tests.CityMastersTest">
        <test-method is-config="true" signature="launchBrowser()[pri:0, instance:com.kerchanshe.tests.CityMastersTest@2f9f7dcf]" started-at="2023-12-08T08:51:54 IST" name="launchBrowser" finished-at="2023-12-08T08:52:04 IST" duration-ms="10127" status="PASS">
          <reporter-output>
          </reporter-output>
        </test-method> <!-- launchBrowser -->
        <test-method signature="verifyAddNewAndSearchCityFunctionality()[pri:0, instance:com.kerchanshe.tests.CityMastersTest@2f9f7dcf]" started-at="2023-12-08T08:52:04 IST" name="verifyAddNewAndSearchCityFunctionality" finished-at="2023-12-08T08:52:45 IST" duration-ms="40920" status="PASS">
          <reporter-output>
          </reporter-output>
        </test-method> <!-- verifyAddNewAndSearchCityFunctionality -->
        <test-method is-config="true" signature="terminateBrowser(org.testng.ITestResult)[pri:0, instance:com.kerchanshe.tests.CityMastersTest@2f9f7dcf]" started-at="2023-12-08T08:52:45 IST" name="terminateBrowser" finished-at="2023-12-08T08:52:46 IST" duration-ms="914" status="PASS">
          <params>
            <param index="0">
              <value>
                <![CDATA[[TestResult name=verifyAddNewAndSearchCityFunctionality status=SUCCESS method=CityMastersTest.verifyAddNewAndSearchCityFunctionality()[pri:0, instance:com.kerchanshe.tests.CityMastersTest@2f9f7dcf] output={null}]]]>
              </value>
            </param>
          </params>
          <reporter-output>
          </reporter-output>
        </test-method> <!-- terminateBrowser -->
        <test-method is-config="true" signature="launchBrowser()[pri:0, instance:com.kerchanshe.tests.CityMastersTest@2f9f7dcf]" started-at="2023-12-08T08:52:46 IST" name="launchBrowser" finished-at="2023-12-08T08:52:53 IST" duration-ms="6879" status="PASS">
          <reporter-output>
          </reporter-output>
        </test-method> <!-- launchBrowser -->
        <test-method signature="verifyEditFunctionality()[pri:0, instance:com.kerchanshe.tests.CityMastersTest@2f9f7dcf]" started-at="2023-12-08T08:52:53 IST" name="verifyEditFunctionality" finished-at="2023-12-08T08:53:24 IST" duration-ms="31060" status="PASS">
          <reporter-output>
          </reporter-output>
        </test-method> <!-- verifyEditFunctionality -->
        <test-method is-config="true" signature="terminateBrowser(org.testng.ITestResult)[pri:0, instance:com.kerchanshe.tests.CityMastersTest@2f9f7dcf]" started-at="2023-12-08T08:53:24 IST" name="terminateBrowser" finished-at="2023-12-08T08:53:25 IST" duration-ms="964" status="PASS">
          <params>
            <param index="0">
              <value>
                <![CDATA[[TestResult name=verifyEditFunctionality status=SUCCESS method=CityMastersTest.verifyEditFunctionality()[pri:0, instance:com.kerchanshe.tests.CityMastersTest@2f9f7dcf] output={null}]]]>
              </value>
            </param>
          </params>
          <reporter-output>
          </reporter-output>
        </test-method> <!-- terminateBrowser -->
        <test-method is-config="true" signature="launchBrowser()[pri:0, instance:com.kerchanshe.tests.CityMastersTest@2f9f7dcf]" started-at="2023-12-08T08:53:25 IST" name="launchBrowser" finished-at="2023-12-08T08:53:32 IST" duration-ms="7138" status="PASS">
          <reporter-output>
          </reporter-output>
        </test-method> <!-- launchBrowser -->
        <test-method signature="verifyViewFunctionality()[pri:0, instance:com.kerchanshe.tests.CityMastersTest@2f9f7dcf]" started-at="2023-12-08T08:53:32 IST" name="verifyViewFunctionality" finished-at="2023-12-08T08:53:59 IST" duration-ms="27110" status="PASS">
          <reporter-output>
          </reporter-output>
        </test-method> <!-- verifyViewFunctionality -->
        <test-method is-config="true" signature="terminateBrowser(org.testng.ITestResult)[pri:0, instance:com.kerchanshe.tests.CityMastersTest@2f9f7dcf]" started-at="2023-12-08T08:53:59 IST" name="terminateBrowser" finished-at="2023-12-08T08:54:00 IST" duration-ms="727" status="PASS">
          <params>
            <param index="0">
              <value>
                <![CDATA[[TestResult name=verifyViewFunctionality status=SUCCESS method=CityMastersTest.verifyViewFunctionality()[pri:0, instance:com.kerchanshe.tests.CityMastersTest@2f9f7dcf] output={null}]]]>
              </value>
            </param>
          </params>
          <reporter-output>
          </reporter-output>
        </test-method> <!-- terminateBrowser -->
      </class> <!-- com.kerchanshe.tests.CityMastersTest -->
    </test> <!-- Default test -->
  </suite> <!-- Default suite -->
</testng-results>
