<?xml version="1.0" encoding="UTF-8"?>
<testng-results ignored="0" total="1" passed="1" failed="0" skipped="0">
  <reporter-output>
  </reporter-output>
  <suite started-at="2023-12-02T21:05:18 IST" name="Default suite" finished-at="2023-12-02T21:06:00 IST" duration-ms="42237">
    <groups>
    </groups>
    <test started-at="2023-12-02T21:05:18 IST" name="Default test" finished-at="2023-12-02T21:06:00 IST" duration-ms="42237">
      <class name="com.kerchanshe.tests.DesignationMastersTest">
        <test-method is-config="true" signature="launchBrowser()[pri:0, instance:com.kerchanshe.tests.DesignationMastersTest@3527942a]" started-at="2023-12-02T21:05:18 IST" name="launchBrowser" finished-at="2023-12-02T21:05:33 IST" duration-ms="15178" status="PASS">
          <reporter-output>
          </reporter-output>
        </test-method> <!-- launchBrowser -->
        <test-method signature="verifyViewDesignationFunctionality()[pri:0, instance:com.kerchanshe.tests.DesignationMastersTest@3527942a]" started-at="2023-12-02T21:05:33 IST" name="verifyViewDesignationFunctionality" finished-at="2023-12-02T21:05:57 IST" duration-ms="23738" status="PASS">
          <reporter-output>
          </reporter-output>
        </test-method> <!-- verifyViewDesignationFunctionality -->
        <test-method is-config="true" signature="terminateBrowser(org.testng.ITestResult)[pri:0, instance:com.kerchanshe.tests.DesignationMastersTest@3527942a]" started-at="2023-12-02T21:05:57 IST" name="terminateBrowser" finished-at="2023-12-02T21:06:00 IST" duration-ms="3122" status="PASS">
          <params>
            <param index="0">
              <value>
                <![CDATA[[TestResult name=verifyViewDesignationFunctionality status=SUCCESS method=DesignationMastersTest.verifyViewDesignationFunctionality()[pri:0, instance:com.kerchanshe.tests.DesignationMastersTest@3527942a] output={null}]]]>
              </value>
            </param>
          </params>
          <reporter-output>
          </reporter-output>
        </test-method> <!-- terminateBrowser -->
      </class> <!-- com.kerchanshe.tests.DesignationMastersTest -->
    </test> <!-- Default test -->
  </suite> <!-- Default suite -->
</testng-results>
